<?xml version="1.0" encoding="UTF-8"?>
<!-- Generated by org.testng.reporters.JUnitXMLReporter -->
<testsuite ignored="0" hostname="1-duypham2-u" failures="0" tests="6" name="Run on Firefox" time="17.27" errors="0" timestamp="2023-06-20T16:43:27 ICT">
  <testcase classname="testcases.com_nopcomerce_user.Level01_Multi_Envi_Docker" name="TC_01_Register_Empty_Data" time="1.384"/>
  <testcase classname="testcases.com_nopcomerce_user.Level01_Multi_Envi_Docker" name="TC_02_Register_Invalid_Email" time="1.606"/>
  <testcase classname="testcases.com_nopcomerce_user.Level01_Multi_Envi_Docker" name="TC_03_Register_Success" time="1.765"/>
  <testcase classname="testcases.com_nopcomerce_user.Level01_Multi_Envi_Docker" name="TC_04_Register_Existing_Email" time="1.547"/>
  <testcase classname="testcases.com_nopcomerce_user.Level01_Multi_Envi_Docker" name="TC_05_Register_Password_Less_Than_6_Character" time="1.301"/>
  <testcase classname="testcases.com_nopcomerce_user.Level01_Multi_Envi_Docker" name="TC_06_Register_Invalid_Password" time="1.868"/>
</testsuite> <!-- Run on Firefox -->
